2024-12-08 21:24:27.863 [info] Extension host with pid 11680 started
2024-12-08 21:24:28.078 [info] ExtensionService#_doActivateExtension vscode.emmet, startup: false, activationEvent: 'onLanguage'
2024-12-08 21:24:28.099 [info] ExtensionService#_doActivateExtension vscode.css-language-features, startup: false, activationEvent: 'onLanguage:css'
2024-12-08 21:24:28.387 [info] ExtensionService#_doActivateExtension vscode.git-base, startup: true, activationEvent: '*'
2024-12-08 21:24:28.413 [info] ExtensionService#_doActivateExtension vscode.github, startup: true, activationEvent: '*'
2024-12-08 21:24:28.453 [info] Eager extensions activated
2024-12-08 21:24:28.528 [info] ExtensionService#_doActivateExtension vscode.debug-auto-launch, startup: false, activationEvent: 'onStartupFinished'
2024-12-08 21:24:28.532 [info] ExtensionService#_doActivateExtension vscode.merge-conflict, startup: false, activationEvent: 'onStartupFinished'
2024-12-08 21:24:28.550 [info] ExtensionService#_doActivateExtension eamodio.gitlens, startup: false, activationEvent: 'onStartupFinished'
2024-12-08 21:24:28.664 [info] ExtensionService#_doActivateExtension esbenp.prettier-vscode, startup: false, activationEvent: 'onStartupFinished'
2024-12-08 21:24:28.725 [info] ExtensionService#_doActivateExtension naumovs.color-highlight, startup: false, activationEvent: 'onStartupFinished'
2024-12-08 21:24:28.872 [info] ExtensionService#_doActivateExtension vscode.github-authentication, startup: false, activationEvent: 'onAuthenticationRequest:github'
2024-12-08 21:24:32.950 [info] Extension host terminating: renderer closed the MessagePort
2024-12-08 21:24:32.970 [error] Canceled: Canceled
	at new tT (file:///c:/Users/Momoi/AppData/Local/Programs/Microsoft%20VS%20Code/resources/app/out/vs/workbench/api/node/extensionHostProcess.js:31:108738)
	at py.U (file:///c:/Users/Momoi/AppData/Local/Programs/Microsoft%20VS%20Code/resources/app/out/vs/workbench/api/node/extensionHostProcess.js:31:113348)
	at s.<computed>.n.charCodeAt.s.<computed> (file:///c:/Users/Momoi/AppData/Local/Programs/Microsoft%20VS%20Code/resources/app/out/vs/workbench/api/node/extensionHostProcess.js:31:110842)
	at Y0.g (file:///c:/Users/Momoi/AppData/Local/Programs/Microsoft%20VS%20Code/resources/app/out/vs/workbench/api/node/extensionHostProcess.js:114:32313)
	at Y0.executeCommand (file:///c:/Users/Momoi/AppData/Local/Programs/Microsoft%20VS%20Code/resources/app/out/vs/workbench/api/node/extensionHostProcess.js:114:31817)
	at r.registerCommand.description (file:///c:/Users/Momoi/AppData/Local/Programs/Microsoft%20VS%20Code/resources/app/out/vs/workbench/api/node/extensionHostProcess.js:114:31147)
	at Y0.h (file:///c:/Users/Momoi/AppData/Local/Programs/Microsoft%20VS%20Code/resources/app/out/vs/workbench/api/node/extensionHostProcess.js:114:32833)
	at Y0.g (file:///c:/Users/Momoi/AppData/Local/Programs/Microsoft%20VS%20Code/resources/app/out/vs/workbench/api/node/extensionHostProcess.js:114:31910)
	at Y0.executeCommand (file:///c:/Users/Momoi/AppData/Local/Programs/Microsoft%20VS%20Code/resources/app/out/vs/workbench/api/node/extensionHostProcess.js:114:31817)
	at Object.executeCommand (file:///c:/Users/Momoi/AppData/Local/Programs/Microsoft%20VS%20Code/resources/app/out/vs/workbench/api/node/extensionHostProcess.js:156:37246)
	at f (c:\Users\Momoi\.vscode\extensions\eamodio.gitlens-16.0.5\dist\gitlens.js:1482:14096)
	at c (c:\Users\Momoi\.vscode\extensions\eamodio.gitlens-16.0.5\dist\gitlens.js:1482:18656)
	at ActionRunners._updateContextKeys (c:\Users\Momoi\.vscode\extensions\eamodio.gitlens-16.0.5\dist\gitlens.js:1107:65661)
	at s (c:\Users\Momoi\.vscode\extensions\eamodio.gitlens-16.0.5\dist\gitlens.js:1107:64105)
	at RegisteredActionRunner.unregister (c:\Users\Momoi\.vscode\extensions\eamodio.gitlens-16.0.5\dist\gitlens.js:1107:64248)
	at RegisteredActionRunner.dispose (c:\Users\Momoi\.vscode\extensions\eamodio.gitlens-16.0.5\dist\gitlens.js:1107:62902)
	at ActionRunners.dispose (c:\Users\Momoi\.vscode\extensions\eamodio.gitlens-16.0.5\dist\gitlens.js:1107:63688)
	at c:\Users\Momoi\.vscode\extensions\eamodio.gitlens-16.0.5\dist\gitlens.js:1428:14975
	at Array.forEach (<anonymous>)
	at Object.dispose (c:\Users\Momoi\.vscode\extensions\eamodio.gitlens-16.0.5\dist\gitlens.js:1428:14957)
	at ci (file:///c:/Users/Momoi/AppData/Local/Programs/Microsoft%20VS%20Code/resources/app/out/vs/workbench/api/node/extensionHostProcess.js:24:699)
	at file:///c:/Users/Momoi/AppData/Local/Programs/Microsoft%20VS%20Code/resources/app/out/vs/workbench/api/node/extensionHostProcess.js:118:14992
	at file:///c:/Users/Momoi/AppData/Local/Programs/Microsoft%20VS%20Code/resources/app/out/vs/workbench/api/node/extensionHostProcess.js:24:1009
	at Object.dispose (file:///c:/Users/Momoi/AppData/Local/Programs/Microsoft%20VS%20Code/resources/app/out/vs/workbench/api/node/extensionHostProcess.js:7:2146)
	at z_.eb (file:///c:/Users/Momoi/AppData/Local/Programs/Microsoft%20VS%20Code/resources/app/out/vs/workbench/api/node/extensionHostProcess.js:118:11919)
	at file:///c:/Users/Momoi/AppData/Local/Programs/Microsoft%20VS%20Code/resources/app/out/vs/workbench/api/node/extensionHostProcess.js:118:9874
	at Array.map (<anonymous>)
	at z_.$ (file:///c:/Users/Momoi/AppData/Local/Programs/Microsoft%20VS%20Code/resources/app/out/vs/workbench/api/node/extensionHostProcess.js:118:9862)
	at z_.terminate (file:///c:/Users/Momoi/AppData/Local/Programs/Microsoft%20VS%20Code/resources/app/out/vs/workbench/api/node/extensionHostProcess.js:118:10105)
	at EC.terminate (file:///c:/Users/Momoi/AppData/Local/Programs/Microsoft%20VS%20Code/resources/app/out/vs/workbench/api/node/extensionHostProcess.js:119:1424)
	at Zi (file:///c:/Users/Momoi/AppData/Local/Programs/Microsoft%20VS%20Code/resources/app/out/vs/workbench/api/node/extensionHostProcess.js:174:15084)
	at MessagePortMain.<anonymous> (file:///c:/Users/Momoi/AppData/Local/Programs/Microsoft%20VS%20Code/resources/app/out/vs/workbench/api/node/extensionHostProcess.js:174:11632)
	at MessagePortMain.emit (node:events:519:28)
	at MessagePortMain._internalPort.emit (node:electron/js2c/utility_init:2:2949) setContext undefined
2024-12-08 21:24:32.971 [error] Canceled: Canceled
	at new tT (file:///c:/Users/Momoi/AppData/Local/Programs/Microsoft%20VS%20Code/resources/app/out/vs/workbench/api/node/extensionHostProcess.js:31:108738)
	at py.U (file:///c:/Users/Momoi/AppData/Local/Programs/Microsoft%20VS%20Code/resources/app/out/vs/workbench/api/node/extensionHostProcess.js:31:113348)
	at s.<computed>.n.charCodeAt.s.<computed> (file:///c:/Users/Momoi/AppData/Local/Programs/Microsoft%20VS%20Code/resources/app/out/vs/workbench/api/node/extensionHostProcess.js:31:110842)
	at Y0.g (file:///c:/Users/Momoi/AppData/Local/Programs/Microsoft%20VS%20Code/resources/app/out/vs/workbench/api/node/extensionHostProcess.js:114:32313)
	at Y0.executeCommand (file:///c:/Users/Momoi/AppData/Local/Programs/Microsoft%20VS%20Code/resources/app/out/vs/workbench/api/node/extensionHostProcess.js:114:31817)
	at r.registerCommand.description (file:///c:/Users/Momoi/AppData/Local/Programs/Microsoft%20VS%20Code/resources/app/out/vs/workbench/api/node/extensionHostProcess.js:114:31147)
	at Y0.h (file:///c:/Users/Momoi/AppData/Local/Programs/Microsoft%20VS%20Code/resources/app/out/vs/workbench/api/node/extensionHostProcess.js:114:32833)
	at Y0.g (file:///c:/Users/Momoi/AppData/Local/Programs/Microsoft%20VS%20Code/resources/app/out/vs/workbench/api/node/extensionHostProcess.js:114:31910)
	at Y0.executeCommand (file:///c:/Users/Momoi/AppData/Local/Programs/Microsoft%20VS%20Code/resources/app/out/vs/workbench/api/node/extensionHostProcess.js:114:31817)
	at Object.executeCommand (file:///c:/Users/Momoi/AppData/Local/Programs/Microsoft%20VS%20Code/resources/app/out/vs/workbench/api/node/extensionHostProcess.js:156:37246)
	at f (c:\Users\Momoi\.vscode\extensions\eamodio.gitlens-16.0.5\dist\gitlens.js:1482:14096)
	at c (c:\Users\Momoi\.vscode\extensions\eamodio.gitlens-16.0.5\dist\gitlens.js:1482:18656)
	at ActionRunners._updateContextKeys (c:\Users\Momoi\.vscode\extensions\eamodio.gitlens-16.0.5\dist\gitlens.js:1107:65661)
	at s (c:\Users\Momoi\.vscode\extensions\eamodio.gitlens-16.0.5\dist\gitlens.js:1107:64105)
	at RegisteredActionRunner.unregister (c:\Users\Momoi\.vscode\extensions\eamodio.gitlens-16.0.5\dist\gitlens.js:1107:64248)
	at RegisteredActionRunner.dispose (c:\Users\Momoi\.vscode\extensions\eamodio.gitlens-16.0.5\dist\gitlens.js:1107:62902)
	at ActionRunners.dispose (c:\Users\Momoi\.vscode\extensions\eamodio.gitlens-16.0.5\dist\gitlens.js:1107:63688)
	at c:\Users\Momoi\.vscode\extensions\eamodio.gitlens-16.0.5\dist\gitlens.js:1428:14975
	at Array.forEach (<anonymous>)
	at Object.dispose (c:\Users\Momoi\.vscode\extensions\eamodio.gitlens-16.0.5\dist\gitlens.js:1428:14957)
	at ci (file:///c:/Users/Momoi/AppData/Local/Programs/Microsoft%20VS%20Code/resources/app/out/vs/workbench/api/node/extensionHostProcess.js:24:699)
	at file:///c:/Users/Momoi/AppData/Local/Programs/Microsoft%20VS%20Code/resources/app/out/vs/workbench/api/node/extensionHostProcess.js:118:14992
	at file:///c:/Users/Momoi/AppData/Local/Programs/Microsoft%20VS%20Code/resources/app/out/vs/workbench/api/node/extensionHostProcess.js:24:1009
	at Object.dispose (file:///c:/Users/Momoi/AppData/Local/Programs/Microsoft%20VS%20Code/resources/app/out/vs/workbench/api/node/extensionHostProcess.js:7:2146)
	at z_.eb (file:///c:/Users/Momoi/AppData/Local/Programs/Microsoft%20VS%20Code/resources/app/out/vs/workbench/api/node/extensionHostProcess.js:118:11919)
	at file:///c:/Users/Momoi/AppData/Local/Programs/Microsoft%20VS%20Code/resources/app/out/vs/workbench/api/node/extensionHostProcess.js:118:9874
	at Array.map (<anonymous>)
	at z_.$ (file:///c:/Users/Momoi/AppData/Local/Programs/Microsoft%20VS%20Code/resources/app/out/vs/workbench/api/node/extensionHostProcess.js:118:9862)
	at z_.terminate (file:///c:/Users/Momoi/AppData/Local/Programs/Microsoft%20VS%20Code/resources/app/out/vs/workbench/api/node/extensionHostProcess.js:118:10105)
	at EC.terminate (file:///c:/Users/Momoi/AppData/Local/Programs/Microsoft%20VS%20Code/resources/app/out/vs/workbench/api/node/extensionHostProcess.js:119:1424)
	at Zi (file:///c:/Users/Momoi/AppData/Local/Programs/Microsoft%20VS%20Code/resources/app/out/vs/workbench/api/node/extensionHostProcess.js:174:15084)
	at MessagePortMain.<anonymous> (file:///c:/Users/Momoi/AppData/Local/Programs/Microsoft%20VS%20Code/resources/app/out/vs/workbench/api/node/extensionHostProcess.js:174:11632)
	at MessagePortMain.emit (node:events:519:28)
	at MessagePortMain._internalPort.emit (node:electron/js2c/utility_init:2:2949) setContext undefined
2024-12-08 21:24:32.971 [error] Canceled: Canceled
	at new tT (file:///c:/Users/Momoi/AppData/Local/Programs/Microsoft%20VS%20Code/resources/app/out/vs/workbench/api/node/extensionHostProcess.js:31:108738)
	at py.U (file:///c:/Users/Momoi/AppData/Local/Programs/Microsoft%20VS%20Code/resources/app/out/vs/workbench/api/node/extensionHostProcess.js:31:113348)
	at s.<computed>.n.charCodeAt.s.<computed> (file:///c:/Users/Momoi/AppData/Local/Programs/Microsoft%20VS%20Code/resources/app/out/vs/workbench/api/node/extensionHostProcess.js:31:110842)
	at Y0.g (file:///c:/Users/Momoi/AppData/Local/Programs/Microsoft%20VS%20Code/resources/app/out/vs/workbench/api/node/extensionHostProcess.js:114:32313)
	at Y0.executeCommand (file:///c:/Users/Momoi/AppData/Local/Programs/Microsoft%20VS%20Code/resources/app/out/vs/workbench/api/node/extensionHostProcess.js:114:31817)
	at r.registerCommand.description (file:///c:/Users/Momoi/AppData/Local/Programs/Microsoft%20VS%20Code/resources/app/out/vs/workbench/api/node/extensionHostProcess.js:114:31147)
	at Y0.h (file:///c:/Users/Momoi/AppData/Local/Programs/Microsoft%20VS%20Code/resources/app/out/vs/workbench/api/node/extensionHostProcess.js:114:32833)
	at Y0.g (file:///c:/Users/Momoi/AppData/Local/Programs/Microsoft%20VS%20Code/resources/app/out/vs/workbench/api/node/extensionHostProcess.js:114:31910)
	at Y0.executeCommand (file:///c:/Users/Momoi/AppData/Local/Programs/Microsoft%20VS%20Code/resources/app/out/vs/workbench/api/node/extensionHostProcess.js:114:31817)
	at Object.executeCommand (file:///c:/Users/Momoi/AppData/Local/Programs/Microsoft%20VS%20Code/resources/app/out/vs/workbench/api/node/extensionHostProcess.js:156:37246)
	at f (c:\Users\Momoi\.vscode\extensions\eamodio.gitlens-16.0.5\dist\gitlens.js:1482:14096)
	at c (c:\Users\Momoi\.vscode\extensions\eamodio.gitlens-16.0.5\dist\gitlens.js:1482:18656)
	at ActionRunners._updateContextKeys (c:\Users\Momoi\.vscode\extensions\eamodio.gitlens-16.0.5\dist\gitlens.js:1107:65661)
	at s (c:\Users\Momoi\.vscode\extensions\eamodio.gitlens-16.0.5\dist\gitlens.js:1107:64105)
	at RegisteredActionRunner.unregister (c:\Users\Momoi\.vscode\extensions\eamodio.gitlens-16.0.5\dist\gitlens.js:1107:64248)
	at RegisteredActionRunner.dispose (c:\Users\Momoi\.vscode\extensions\eamodio.gitlens-16.0.5\dist\gitlens.js:1107:62902)
	at ActionRunners.dispose (c:\Users\Momoi\.vscode\extensions\eamodio.gitlens-16.0.5\dist\gitlens.js:1107:63688)
	at c:\Users\Momoi\.vscode\extensions\eamodio.gitlens-16.0.5\dist\gitlens.js:1428:14975
	at Array.forEach (<anonymous>)
	at Object.dispose (c:\Users\Momoi\.vscode\extensions\eamodio.gitlens-16.0.5\dist\gitlens.js:1428:14957)
	at ci (file:///c:/Users/Momoi/AppData/Local/Programs/Microsoft%20VS%20Code/resources/app/out/vs/workbench/api/node/extensionHostProcess.js:24:699)
	at file:///c:/Users/Momoi/AppData/Local/Programs/Microsoft%20VS%20Code/resources/app/out/vs/workbench/api/node/extensionHostProcess.js:118:14992
	at file:///c:/Users/Momoi/AppData/Local/Programs/Microsoft%20VS%20Code/resources/app/out/vs/workbench/api/node/extensionHostProcess.js:24:1009
	at Object.dispose (file:///c:/Users/Momoi/AppData/Local/Programs/Microsoft%20VS%20Code/resources/app/out/vs/workbench/api/node/extensionHostProcess.js:7:2146)
	at z_.eb (file:///c:/Users/Momoi/AppData/Local/Programs/Microsoft%20VS%20Code/resources/app/out/vs/workbench/api/node/extensionHostProcess.js:118:11919)
	at file:///c:/Users/Momoi/AppData/Local/Programs/Microsoft%20VS%20Code/resources/app/out/vs/workbench/api/node/extensionHostProcess.js:118:9874
	at Array.map (<anonymous>)
	at z_.$ (file:///c:/Users/Momoi/AppData/Local/Programs/Microsoft%20VS%20Code/resources/app/out/vs/workbench/api/node/extensionHostProcess.js:118:9862)
	at z_.terminate (file:///c:/Users/Momoi/AppData/Local/Programs/Microsoft%20VS%20Code/resources/app/out/vs/workbench/api/node/extensionHostProcess.js:118:10105)
	at EC.terminate (file:///c:/Users/Momoi/AppData/Local/Programs/Microsoft%20VS%20Code/resources/app/out/vs/workbench/api/node/extensionHostProcess.js:119:1424)
	at Zi (file:///c:/Users/Momoi/AppData/Local/Programs/Microsoft%20VS%20Code/resources/app/out/vs/workbench/api/node/extensionHostProcess.js:174:15084)
	at MessagePortMain.<anonymous> (file:///c:/Users/Momoi/AppData/Local/Programs/Microsoft%20VS%20Code/resources/app/out/vs/workbench/api/node/extensionHostProcess.js:174:11632)
	at MessagePortMain.emit (node:events:519:28)
	at MessagePortMain._internalPort.emit (node:electron/js2c/utility_init:2:2949) setContext undefined
2024-12-08 21:24:32.972 [info] Extension host with pid 11680 exiting with code 0
